0 info it worked if it ends with ok
1 verbose cli [ '/usr/local/Cellar/node/6.2.1/bin/node',
1 verbose cli   '/usr/local/bin/npm',
1 verbose cli   'install' ]
2 info using npm@3.9.3
3 info using node@v6.2.1
4 silly loadCurrentTree Starting
5 silly install loadCurrentTree
6 silly install readLocalPackageData
7 silly install normalizeTree
8 silly loadCurrentTree Finishing
9 silly loadIdealTree Starting
10 silly install loadIdealTree
11 silly cloneCurrentTree Starting
12 silly install cloneCurrentTreeToIdealTree
13 silly cloneCurrentTree Finishing
14 silly loadShrinkwrap Starting
15 silly install loadShrinkwrap
16 silly loadShrinkwrap Finishing
17 silly loadAllDepsIntoIdealTree Starting
18 silly install loadAllDepsIntoIdealTree
19 silly fetchNamedPackageData body-parser
20 silly mapToRegistry name body-parser
21 silly mapToRegistry using default registry
22 silly mapToRegistry registry https://registry.npmjs.org/
23 silly mapToRegistry data Result {
23 silly mapToRegistry   raw: 'body-parser',
23 silly mapToRegistry   scope: null,
23 silly mapToRegistry   name: 'body-parser',
23 silly mapToRegistry   rawSpec: '',
23 silly mapToRegistry   spec: 'latest',
23 silly mapToRegistry   type: 'tag' }
24 silly mapToRegistry uri https://registry.npmjs.org/body-parser
25 silly fetchNamedPackageData express
26 silly mapToRegistry name express
27 silly mapToRegistry using default registry
28 silly mapToRegistry registry https://registry.npmjs.org/
29 silly mapToRegistry data Result {
29 silly mapToRegistry   raw: 'express',
29 silly mapToRegistry   scope: null,
29 silly mapToRegistry   name: 'express',
29 silly mapToRegistry   rawSpec: '',
29 silly mapToRegistry   spec: 'latest',
29 silly mapToRegistry   type: 'tag' }
30 silly mapToRegistry uri https://registry.npmjs.org/express
31 silly fetchNamedPackageData sequelize
32 silly mapToRegistry name sequelize
33 silly mapToRegistry using default registry
34 silly mapToRegistry registry https://registry.npmjs.org/
35 silly mapToRegistry data Result {
35 silly mapToRegistry   raw: 'sequelize',
35 silly mapToRegistry   scope: null,
35 silly mapToRegistry   name: 'sequelize',
35 silly mapToRegistry   rawSpec: '',
35 silly mapToRegistry   spec: 'latest',
35 silly mapToRegistry   type: 'tag' }
36 silly mapToRegistry uri https://registry.npmjs.org/sequelize
37 silly fetchNamedPackageData sqlite3
38 silly mapToRegistry name sqlite3
39 silly mapToRegistry using default registry
40 silly mapToRegistry registry https://registry.npmjs.org/
41 silly mapToRegistry data Result {
41 silly mapToRegistry   raw: 'sqlite3',
41 silly mapToRegistry   scope: null,
41 silly mapToRegistry   name: 'sqlite3',
41 silly mapToRegistry   rawSpec: '',
41 silly mapToRegistry   spec: 'latest',
41 silly mapToRegistry   type: 'tag' }
42 silly mapToRegistry uri https://registry.npmjs.org/sqlite3
43 verbose request uri https://registry.npmjs.org/body-parser
44 verbose request no auth needed
45 info attempt registry request try #1 at 10:34:13 PM
46 verbose request id 7c034b00f023aa15
47 verbose etag W/"fd901e2a6615b2af688d4803c1955ad2"
48 verbose lastModified Thu, 06 Oct 2022 14:00:29 GMT
49 http request GET https://registry.npmjs.org/body-parser
50 verbose request uri https://registry.npmjs.org/sqlite3
51 verbose request no auth needed
52 info attempt registry request try #1 at 10:34:13 PM
53 verbose etag W/"873303b2c0e58875045db6d5ead04bdc"
54 verbose lastModified Mon, 03 Oct 2022 04:23:24 GMT
55 http request GET https://registry.npmjs.org/sqlite3
56 verbose request uri https://registry.npmjs.org/express
57 verbose request no auth needed
58 info attempt registry request try #1 at 10:34:13 PM
59 verbose etag W/"4320ce404c46e31980865eecc7db6147"
60 verbose lastModified Sat, 08 Oct 2022 20:14:34 GMT
61 http request GET https://registry.npmjs.org/express
62 verbose request uri https://registry.npmjs.org/sequelize
63 verbose request no auth needed
64 info attempt registry request try #1 at 10:34:13 PM
65 verbose etag W/"6ac577b3d0a8f58ae7c9b08a1db1b365"
66 verbose lastModified Wed, 19 Oct 2022 09:37:04 GMT
67 http request GET https://registry.npmjs.org/sequelize
68 http 304 https://registry.npmjs.org/sqlite3
69 verbose headers { date: 'Thu, 20 Oct 2022 02:34:14 GMT',
69 verbose headers   connection: 'keep-alive',
69 verbose headers   'cf-ray': '75ce5a6d88f8584e-IAD',
69 verbose headers   age: '77',
69 verbose headers   'cache-control': 'public, max-age=300',
69 verbose headers   etag: '"873303b2c0e58875045db6d5ead04bdc"',
69 verbose headers   'last-modified': 'Mon, 03 Oct 2022 04:23:24 GMT',
69 verbose headers   vary: 'Accept-Encoding',
69 verbose headers   'cf-cache-status': 'HIT',
69 verbose headers   'x-amz-replication-status': 'PENDING',
69 verbose headers   server: 'cloudflare' }
70 silly get cb [ 304,
70 silly get   { date: 'Thu, 20 Oct 2022 02:34:14 GMT',
70 silly get     connection: 'keep-alive',
70 silly get     'cf-ray': '75ce5a6d88f8584e-IAD',
70 silly get     age: '77',
70 silly get     'cache-control': 'public, max-age=300',
70 silly get     etag: '"873303b2c0e58875045db6d5ead04bdc"',
70 silly get     'last-modified': 'Mon, 03 Oct 2022 04:23:24 GMT',
70 silly get     vary: 'Accept-Encoding',
70 silly get     'cf-cache-status': 'HIT',
70 silly get     'x-amz-replication-status': 'PENDING',
70 silly get     server: 'cloudflare' } ]
71 verbose etag https://registry.npmjs.org/sqlite3 from cache
72 verbose get saving sqlite3 to /Users/mallorywood/.npm/registry.npmjs.org/sqlite3/.cache.json
73 verbose correctMkdir /Users/mallorywood/.npm correctMkdir not in flight; initializing
74 http 304 https://registry.npmjs.org/sequelize
75 verbose headers { date: 'Thu, 20 Oct 2022 02:34:14 GMT',
75 verbose headers   connection: 'keep-alive',
75 verbose headers   'cf-ray': '75ce5a6d896f6fd7-IAD',
75 verbose headers   age: '187',
75 verbose headers   'cache-control': 'public, max-age=300',
75 verbose headers   etag: '"6ac577b3d0a8f58ae7c9b08a1db1b365"',
75 verbose headers   'last-modified': 'Wed, 19 Oct 2022 09:37:04 GMT',
75 verbose headers   vary: 'Accept-Encoding',
75 verbose headers   'cf-cache-status': 'HIT',
75 verbose headers   'x-amz-replication-status': 'COMPLETED',
75 verbose headers   server: 'cloudflare' }
76 silly get cb [ 304,
76 silly get   { date: 'Thu, 20 Oct 2022 02:34:14 GMT',
76 silly get     connection: 'keep-alive',
76 silly get     'cf-ray': '75ce5a6d896f6fd7-IAD',
76 silly get     age: '187',
76 silly get     'cache-control': 'public, max-age=300',
76 silly get     etag: '"6ac577b3d0a8f58ae7c9b08a1db1b365"',
76 silly get     'last-modified': 'Wed, 19 Oct 2022 09:37:04 GMT',
76 silly get     vary: 'Accept-Encoding',
76 silly get     'cf-cache-status': 'HIT',
76 silly get     'x-amz-replication-status': 'COMPLETED',
76 silly get     server: 'cloudflare' } ]
77 verbose etag https://registry.npmjs.org/sequelize from cache
78 verbose get saving sequelize to /Users/mallorywood/.npm/registry.npmjs.org/sequelize/.cache.json
79 verbose correctMkdir /Users/mallorywood/.npm correctMkdir already in flight; waiting
80 http 304 https://registry.npmjs.org/body-parser
81 verbose headers { date: 'Thu, 20 Oct 2022 02:34:14 GMT',
81 verbose headers   connection: 'keep-alive',
81 verbose headers   'cf-ray': '75ce5a6d8cbb5e06-IAD',
81 verbose headers   age: '145',
81 verbose headers   'cache-control': 'public, max-age=300',
81 verbose headers   etag: '"fd901e2a6615b2af688d4803c1955ad2"',
81 verbose headers   'last-modified': 'Thu, 06 Oct 2022 14:00:29 GMT',
81 verbose headers   vary: 'Accept-Encoding',
81 verbose headers   'cf-cache-status': 'HIT',
81 verbose headers   'x-amz-replication-status': 'PENDING',
81 verbose headers   server: 'cloudflare' }
82 silly get cb [ 304,
82 silly get   { date: 'Thu, 20 Oct 2022 02:34:14 GMT',
82 silly get     connection: 'keep-alive',
82 silly get     'cf-ray': '75ce5a6d8cbb5e06-IAD',
82 silly get     age: '145',
82 silly get     'cache-control': 'public, max-age=300',
82 silly get     etag: '"fd901e2a6615b2af688d4803c1955ad2"',
82 silly get     'last-modified': 'Thu, 06 Oct 2022 14:00:29 GMT',
82 silly get     vary: 'Accept-Encoding',
82 silly get     'cf-cache-status': 'HIT',
82 silly get     'x-amz-replication-status': 'PENDING',
82 silly get     server: 'cloudflare' } ]
83 verbose etag https://registry.npmjs.org/body-parser from cache
84 verbose get saving body-parser to /Users/mallorywood/.npm/registry.npmjs.org/body-parser/.cache.json
85 verbose correctMkdir /Users/mallorywood/.npm correctMkdir not in flight; initializing
86 http 304 https://registry.npmjs.org/express
87 verbose headers { date: 'Thu, 20 Oct 2022 02:34:14 GMT',
87 verbose headers   connection: 'keep-alive',
87 verbose headers   'cf-ray': '75ce5a6dcfa858ba-IAD',
87 verbose headers   age: '257',
87 verbose headers   'cache-control': 'public, max-age=300',
87 verbose headers   etag: '"4320ce404c46e31980865eecc7db6147"',
87 verbose headers   'last-modified': 'Sat, 08 Oct 2022 20:14:34 GMT',
87 verbose headers   vary: 'Accept-Encoding',
87 verbose headers   'cf-cache-status': 'HIT',
87 verbose headers   'x-amz-replication-status': 'COMPLETED',
87 verbose headers   server: 'cloudflare' }
88 silly get cb [ 304,
88 silly get   { date: 'Thu, 20 Oct 2022 02:34:14 GMT',
88 silly get     connection: 'keep-alive',
88 silly get     'cf-ray': '75ce5a6dcfa858ba-IAD',
88 silly get     age: '257',
88 silly get     'cache-control': 'public, max-age=300',
88 silly get     etag: '"4320ce404c46e31980865eecc7db6147"',
88 silly get     'last-modified': 'Sat, 08 Oct 2022 20:14:34 GMT',
88 silly get     vary: 'Accept-Encoding',
88 silly get     'cf-cache-status': 'HIT',
88 silly get     'x-amz-replication-status': 'COMPLETED',
88 silly get     server: 'cloudflare' } ]
89 verbose etag https://registry.npmjs.org/express from cache
90 verbose get saving express to /Users/mallorywood/.npm/registry.npmjs.org/express/.cache.json
91 verbose correctMkdir /Users/mallorywood/.npm correctMkdir not in flight; initializing
92 silly resolveWithNewModule sqlite3@5.1.2 checking installable status
93 silly cache add args [ 'sqlite3@^5.1.2', null ]
94 verbose cache add spec sqlite3@^5.1.2
95 silly cache add parsed spec Result {
95 silly cache add   raw: 'sqlite3@^5.1.2',
95 silly cache add   scope: null,
95 silly cache add   name: 'sqlite3',
95 silly cache add   rawSpec: '^5.1.2',
95 silly cache add   spec: '>=5.1.2 <6.0.0',
95 silly cache add   type: 'range' }
96 silly addNamed sqlite3@>=5.1.2 <6.0.0
97 verbose addNamed ">=5.1.2 <6.0.0" is a valid semver range for sqlite3
98 silly addNameRange { name: 'sqlite3', range: '>=5.1.2 <6.0.0', hasData: false }
99 silly mapToRegistry name sqlite3
100 silly mapToRegistry using default registry
101 silly mapToRegistry registry https://registry.npmjs.org/
102 silly mapToRegistry data Result {
102 silly mapToRegistry   raw: 'sqlite3',
102 silly mapToRegistry   scope: null,
102 silly mapToRegistry   name: 'sqlite3',
102 silly mapToRegistry   rawSpec: '',
102 silly mapToRegistry   spec: 'latest',
102 silly mapToRegistry   type: 'tag' }
103 silly mapToRegistry uri https://registry.npmjs.org/sqlite3
104 verbose addNameRange registry:https://registry.npmjs.org/sqlite3 not in flight; fetching
105 verbose stack Error: Missing required argument #1
105 verbose stack     at andLogAndFinish (/usr/local/lib/node_modules/npm/lib/fetch-package-metadata.js:31:3)
105 verbose stack     at fetchPackageMetadata (/usr/local/lib/node_modules/npm/lib/fetch-package-metadata.js:51:22)
105 verbose stack     at resolveWithNewModule (/usr/local/lib/node_modules/npm/lib/install/deps.js:490:12)
105 verbose stack     at /usr/local/lib/node_modules/npm/lib/install/deps.js:491:7
105 verbose stack     at /usr/local/lib/node_modules/npm/node_modules/iferr/index.js:13:50
105 verbose stack     at /usr/local/lib/node_modules/npm/lib/fetch-package-metadata.js:37:12
105 verbose stack     at addRequestedAndFinish (/usr/local/lib/node_modules/npm/lib/fetch-package-metadata.js:67:5)
105 verbose stack     at returnAndAddMetadata (/usr/local/lib/node_modules/npm/lib/fetch-package-metadata.js:121:7)
105 verbose stack     at pickVersionFromRegistryDocument (/usr/local/lib/node_modules/npm/lib/fetch-package-metadata.js:138:20)
105 verbose stack     at /usr/local/lib/node_modules/npm/node_modules/iferr/index.js:13:50
106 verbose cwd /Users/mallorywood/pr-3
107 error Darwin 21.6.0
108 error argv "/usr/local/Cellar/node/6.2.1/bin/node" "/usr/local/bin/npm" "install"
109 error node v6.2.1
110 error npm  v3.9.3
111 error code EMISSINGARG
112 error typeerror Error: Missing required argument #1
112 error typeerror     at andLogAndFinish (/usr/local/lib/node_modules/npm/lib/fetch-package-metadata.js:31:3)
112 error typeerror     at fetchPackageMetadata (/usr/local/lib/node_modules/npm/lib/fetch-package-metadata.js:51:22)
112 error typeerror     at resolveWithNewModule (/usr/local/lib/node_modules/npm/lib/install/deps.js:490:12)
112 error typeerror     at /usr/local/lib/node_modules/npm/lib/install/deps.js:491:7
112 error typeerror     at /usr/local/lib/node_modules/npm/node_modules/iferr/index.js:13:50
112 error typeerror     at /usr/local/lib/node_modules/npm/lib/fetch-package-metadata.js:37:12
112 error typeerror     at addRequestedAndFinish (/usr/local/lib/node_modules/npm/lib/fetch-package-metadata.js:67:5)
112 error typeerror     at returnAndAddMetadata (/usr/local/lib/node_modules/npm/lib/fetch-package-metadata.js:121:7)
112 error typeerror     at pickVersionFromRegistryDocument (/usr/local/lib/node_modules/npm/lib/fetch-package-metadata.js:138:20)
112 error typeerror     at /usr/local/lib/node_modules/npm/node_modules/iferr/index.js:13:50
113 error typeerror This is an error with npm itself. Please report this error at:
113 error typeerror     <http://github.com/npm/npm/issues>
114 verbose exit [ 1, true ]
